2025-10-24 15:57:57,759 - kutuphane_app - INFO - <module>:42 - {"event": "K\u00fct\u00fcphane Y\u00f6netim Sistemi ba\u015flat\u0131ld\u0131", "logger": "kutuphane_app", "level": "info", "timestamp": "2025-10-24T12:57:57.759018Z"}
2025-10-24 15:57:57,836 - asyncio - DEBUG - __init__:631 - Using proactor: IocpProactor
2025-10-24 16:00:51,081 - kutuphane_app - INFO - <module>:42 - {"event": "K\u00fct\u00fcphane Y\u00f6netim Sistemi ba\u015flat\u0131ld\u0131", "logger": "kutuphane_app", "level": "info", "timestamp": "2025-10-24T13:00:51.081001Z"}
2025-10-24 16:00:51,153 - asyncio - DEBUG - __init__:631 - Using proactor: IocpProactor
2025-10-24 16:02:18,189 - kutuphane_app - INFO - <module>:42 - {"event": "K\u00fct\u00fcphane Y\u00f6netim Sistemi ba\u015flat\u0131ld\u0131", "logger": "kutuphane_app", "level": "info", "timestamp": "2025-10-24T13:02:18.189451Z"}
2025-10-24 16:02:18,256 - asyncio - DEBUG - __init__:631 - Using proactor: IocpProactor
2025-10-24 16:02:35,825 - kutuphane_app - INFO - <module>:42 - {"event": "K\u00fct\u00fcphane Y\u00f6netim Sistemi ba\u015flat\u0131ld\u0131", "logger": "kutuphane_app", "level": "info", "timestamp": "2025-10-24T13:02:35.825016Z"}
2025-10-24 16:02:35,885 - asyncio - DEBUG - __init__:631 - Using proactor: IocpProactor
2025-10-24 16:05:03,663 - kutuphane_app - INFO - <module>:42 - {"event": "K\u00fct\u00fcphane Y\u00f6netim Sistemi ba\u015flat\u0131ld\u0131", "logger": "kutuphane_app", "level": "info", "timestamp": "2025-10-24T13:05:03.663426Z"}
2025-10-24 16:05:03,729 - asyncio - DEBUG - __init__:631 - Using proactor: IocpProactor
2025-10-24 16:05:46,520 - kutuphane_app - INFO - <module>:42 - {"event": "K\u00fct\u00fcphane Y\u00f6netim Sistemi ba\u015flat\u0131ld\u0131", "logger": "kutuphane_app", "level": "info", "timestamp": "2025-10-24T13:05:46.520464Z"}
2025-10-24 16:05:46,587 - asyncio - DEBUG - __init__:631 - Using proactor: IocpProactor
2025-10-24 16:07:20,884 - kutuphane_app - INFO - <module>:42 - {"event": "K\u00fct\u00fcphane Y\u00f6netim Sistemi ba\u015flat\u0131ld\u0131", "logger": "kutuphane_app", "level": "info", "timestamp": "2025-10-24T13:07:20.884065Z"}
2025-10-24 16:07:36,025 - root - ERROR - get:45 - Cache get hatasý: Error 10061 connecting to localhost:6379. Hedef makine etkin olarak reddettiðinden baðlantý kurulamadý.
2025-10-24 16:07:36,036 - kutuphane_db - INFO - kitaplari_getir:61 - {"operation": "SELECT", "table": "kitaplar", "count": 2, "event": "Database Operation", "logger": "kutuphane_db", "level": "info", "timestamp": "2025-10-24T13:07:36.036623Z"}
2025-10-24 16:07:40,122 - root - ERROR - set:56 - Cache set hatasý: Error 10061 connecting to localhost:6379. Hedef makine etkin olarak reddettiðinden baðlantý kurulamadý.
2025-10-24 16:07:40,123 - kutuphane_api - INFO - kitaplari_getir:65 - {"event": "Kitaplar veritaban\u0131ndan al\u0131nd\u0131 ve cache'e kaydedildi", "logger": "kutuphane_api", "level": "info", "timestamp": "2025-10-24T13:07:40.123778Z"}
2025-10-24 16:07:44,219 - root - ERROR - get:45 - Cache get hatasý: Error 10061 connecting to localhost:6379. Hedef makine etkin olarak reddettiðinden baðlantý kurulamadý.
2025-10-24 16:07:44,221 - kutuphane_db - INFO - kitaplari_getir:61 - {"operation": "SELECT", "table": "kitaplar", "count": 2, "event": "Database Operation", "logger": "kutuphane_db", "level": "info", "timestamp": "2025-10-24T13:07:44.221364Z"}
2025-10-24 16:07:48,284 - root - ERROR - set:56 - Cache set hatasý: Error 10061 connecting to localhost:6379. Hedef makine etkin olarak reddettiðinden baðlantý kurulamadý.
2025-10-24 16:07:48,286 - kutuphane_api - INFO - kitaplari_getir:65 - {"event": "Kitaplar veritaban\u0131ndan al\u0131nd\u0131 ve cache'e kaydedildi", "logger": "kutuphane_api", "level": "info", "timestamp": "2025-10-24T13:07:48.286376Z"}
2025-10-24 16:07:52,395 - root - ERROR - get:45 - Cache get hatasý: Error 10061 connecting to localhost:6379. Hedef makine etkin olarak reddettiðinden baðlantý kurulamadý.
2025-10-24 16:07:52,396 - kutuphane_db - INFO - kitaplari_getir:61 - {"operation": "SELECT", "table": "kitaplar", "count": 2, "event": "Database Operation", "logger": "kutuphane_db", "level": "info", "timestamp": "2025-10-24T13:07:52.396781Z"}
2025-10-24 16:07:56,457 - root - ERROR - set:56 - Cache set hatasý: Error 10061 connecting to localhost:6379. Hedef makine etkin olarak reddettiðinden baðlantý kurulamadý.
2025-10-24 16:07:56,457 - kutuphane_api - INFO - kitaplari_getir:65 - {"event": "Kitaplar veritaban\u0131ndan al\u0131nd\u0131 ve cache'e kaydedildi", "logger": "kutuphane_api", "level": "info", "timestamp": "2025-10-24T13:07:56.457775Z"}
2025-10-24 16:08:00,533 - root - ERROR - get:45 - Cache get hatasý: Error 10061 connecting to localhost:6379. Hedef makine etkin olarak reddettiðinden baðlantý kurulamadý.
2025-10-24 16:08:00,535 - kutuphane_db - INFO - kitaplari_getir:61 - {"operation": "SELECT", "table": "kitaplar", "count": 2, "event": "Database Operation", "logger": "kutuphane_db", "level": "info", "timestamp": "2025-10-24T13:08:00.535620Z"}
2025-10-24 16:08:04,610 - root - ERROR - set:56 - Cache set hatasý: Error 10061 connecting to localhost:6379. Hedef makine etkin olarak reddettiðinden baðlantý kurulamadý.
2025-10-24 16:08:04,611 - kutuphane_api - INFO - kitaplari_getir:65 - {"event": "Kitaplar veritaban\u0131ndan al\u0131nd\u0131 ve cache'e kaydedildi", "logger": "kutuphane_api", "level": "info", "timestamp": "2025-10-24T13:08:04.611367Z"}
2025-10-24 16:08:08,709 - root - ERROR - get:45 - Cache get hatasý: Error 10061 connecting to localhost:6379. Hedef makine etkin olarak reddettiðinden baðlantý kurulamadý.
2025-10-24 16:08:08,711 - kutuphane_db - INFO - kitaplari_getir:61 - {"operation": "SELECT", "table": "kitaplar", "count": 2, "event": "Database Operation", "logger": "kutuphane_db", "level": "info", "timestamp": "2025-10-24T13:08:08.711122Z"}
2025-10-24 16:08:12,751 - root - ERROR - set:56 - Cache set hatasý: Error 10061 connecting to localhost:6379. Hedef makine etkin olarak reddettiðinden baðlantý kurulamadý.
2025-10-24 16:08:12,752 - kutuphane_api - INFO - kitaplari_getir:65 - {"event": "Kitaplar veritaban\u0131ndan al\u0131nd\u0131 ve cache'e kaydedildi", "logger": "kutuphane_api", "level": "info", "timestamp": "2025-10-24T13:08:12.752478Z"}
2025-10-24 16:08:16,836 - root - ERROR - get:45 - Cache get hatasý: Error 10061 connecting to localhost:6379. Hedef makine etkin olarak reddettiðinden baðlantý kurulamadý.
2025-10-24 16:08:16,838 - kutuphane_db - INFO - kitaplari_getir:61 - {"operation": "SELECT", "table": "kitaplar", "count": 2, "event": "Database Operation", "logger": "kutuphane_db", "level": "info", "timestamp": "2025-10-24T13:08:16.838585Z"}
2025-10-24 16:08:20,935 - root - ERROR - set:56 - Cache set hatasý: Error 10061 connecting to localhost:6379. Hedef makine etkin olarak reddettiðinden baðlantý kurulamadý.
2025-10-24 16:08:20,936 - kutuphane_api - INFO - kitaplari_getir:65 - {"event": "Kitaplar veritaban\u0131ndan al\u0131nd\u0131 ve cache'e kaydedildi", "logger": "kutuphane_api", "level": "info", "timestamp": "2025-10-24T13:08:20.935933Z"}
2025-10-24 16:08:24,987 - root - ERROR - get:45 - Cache get hatasý: Error 10061 connecting to localhost:6379. Hedef makine etkin olarak reddettiðinden baðlantý kurulamadý.
2025-10-24 16:08:24,989 - kutuphane_db - INFO - kitaplari_getir:61 - {"operation": "SELECT", "table": "kitaplar", "count": 2, "event": "Database Operation", "logger": "kutuphane_db", "level": "info", "timestamp": "2025-10-24T13:08:24.989361Z"}
2025-10-24 16:08:29,047 - root - ERROR - set:56 - Cache set hatasý: Error 10061 connecting to localhost:6379. Hedef makine etkin olarak reddettiðinden baðlantý kurulamadý.
2025-10-24 16:08:29,048 - kutuphane_api - INFO - kitaplari_getir:65 - {"event": "Kitaplar veritaban\u0131ndan al\u0131nd\u0131 ve cache'e kaydedildi", "logger": "kutuphane_api", "level": "info", "timestamp": "2025-10-24T13:08:29.048509Z"}
2025-10-24 16:08:33,133 - root - ERROR - get:45 - Cache get hatasý: Error 10061 connecting to localhost:6379. Hedef makine etkin olarak reddettiðinden baðlantý kurulamadý.
2025-10-24 16:08:33,134 - kutuphane_db - INFO - kitaplari_getir:61 - {"operation": "SELECT", "table": "kitaplar", "count": 2, "event": "Database Operation", "logger": "kutuphane_db", "level": "info", "timestamp": "2025-10-24T13:08:33.134771Z"}
2025-10-24 16:08:37,212 - root - ERROR - set:56 - Cache set hatasý: Error 10061 connecting to localhost:6379. Hedef makine etkin olarak reddettiðinden baðlantý kurulamadý.
2025-10-24 16:08:37,213 - kutuphane_api - INFO - kitaplari_getir:65 - {"event": "Kitaplar veritaban\u0131ndan al\u0131nd\u0131 ve cache'e kaydedildi", "logger": "kutuphane_api", "level": "info", "timestamp": "2025-10-24T13:08:37.213589Z"}
2025-10-24 16:08:41,298 - root - ERROR - get:45 - Cache get hatasý: Error 10061 connecting to localhost:6379. Hedef makine etkin olarak reddettiðinden baðlantý kurulamadý.
2025-10-24 16:08:41,300 - kutuphane_db - INFO - kitaplari_getir:61 - {"operation": "SELECT", "table": "kitaplar", "count": 2, "event": "Database Operation", "logger": "kutuphane_db", "level": "info", "timestamp": "2025-10-24T13:08:41.299927Z"}
2025-10-24 16:08:45,382 - root - ERROR - set:56 - Cache set hatasý: Error 10061 connecting to localhost:6379. Hedef makine etkin olarak reddettiðinden baðlantý kurulamadý.
2025-10-24 16:08:45,383 - kutuphane_api - INFO - kitaplari_getir:65 - {"event": "Kitaplar veritaban\u0131ndan al\u0131nd\u0131 ve cache'e kaydedildi", "logger": "kutuphane_api", "level": "info", "timestamp": "2025-10-24T13:08:45.383630Z"}
2025-10-24 16:08:49,454 - root - ERROR - get:45 - Cache get hatasý: Error 10061 connecting to localhost:6379. Hedef makine etkin olarak reddettiðinden baðlantý kurulamadý.
2025-10-24 16:08:49,456 - kutuphane_db - INFO - kitaplari_getir:61 - {"operation": "SELECT", "table": "kitaplar", "count": 2, "event": "Database Operation", "logger": "kutuphane_db", "level": "info", "timestamp": "2025-10-24T13:08:49.456176Z"}
2025-10-24 16:08:53,507 - root - ERROR - set:56 - Cache set hatasý: Error 10061 connecting to localhost:6379. Hedef makine etkin olarak reddettiðinden baðlantý kurulamadý.
2025-10-24 16:08:53,508 - kutuphane_api - INFO - kitaplari_getir:65 - {"event": "Kitaplar veritaban\u0131ndan al\u0131nd\u0131 ve cache'e kaydedildi", "logger": "kutuphane_api", "level": "info", "timestamp": "2025-10-24T13:08:53.508056Z"}
2025-10-24 16:08:57,607 - root - ERROR - get:45 - Cache get hatasý: Error 10061 connecting to localhost:6379. Hedef makine etkin olarak reddettiðinden baðlantý kurulamadý.
2025-10-24 16:08:57,608 - kutuphane_db - INFO - kitaplari_getir:61 - {"operation": "SELECT", "table": "kitaplar", "count": 2, "event": "Database Operation", "logger": "kutuphane_db", "level": "info", "timestamp": "2025-10-24T13:08:57.608659Z"}
2025-10-24 16:09:01,668 - root - ERROR - set:56 - Cache set hatasý: Error 10061 connecting to localhost:6379. Hedef makine etkin olarak reddettiðinden baðlantý kurulamadý.
2025-10-24 16:09:01,669 - kutuphane_api - INFO - kitaplari_getir:65 - {"event": "Kitaplar veritaban\u0131ndan al\u0131nd\u0131 ve cache'e kaydedildi", "logger": "kutuphane_api", "level": "info", "timestamp": "2025-10-24T13:09:01.669148Z"}
2025-10-24 16:09:05,732 - root - ERROR - get:45 - Cache get hatasý: Error 10061 connecting to localhost:6379. Hedef makine etkin olarak reddettiðinden baðlantý kurulamadý.
2025-10-24 16:09:05,733 - kutuphane_db - INFO - kitaplari_getir:61 - {"operation": "SELECT", "table": "kitaplar", "count": 2, "event": "Database Operation", "logger": "kutuphane_db", "level": "info", "timestamp": "2025-10-24T13:09:05.733302Z"}
2025-10-24 16:09:09,820 - root - ERROR - set:56 - Cache set hatasý: Error 10061 connecting to localhost:6379. Hedef makine etkin olarak reddettiðinden baðlantý kurulamadý.
2025-10-24 16:09:09,821 - kutuphane_api - INFO - kitaplari_getir:65 - {"event": "Kitaplar veritaban\u0131ndan al\u0131nd\u0131 ve cache'e kaydedildi", "logger": "kutuphane_api", "level": "info", "timestamp": "2025-10-24T13:09:09.821583Z"}
2025-10-24 16:09:13,947 - root - ERROR - get:45 - Cache get hatasý: Error 10061 connecting to localhost:6379. Hedef makine etkin olarak reddettiðinden baðlantý kurulamadý.
2025-10-24 16:09:13,949 - kutuphane_db - INFO - kitaplari_getir:61 - {"operation": "SELECT", "table": "kitaplar", "count": 2, "event": "Database Operation", "logger": "kutuphane_db", "level": "info", "timestamp": "2025-10-24T13:09:13.949592Z"}
2025-10-24 16:09:18,032 - root - ERROR - set:56 - Cache set hatasý: Error 10061 connecting to localhost:6379. Hedef makine etkin olarak reddettiðinden baðlantý kurulamadý.
2025-10-24 16:09:18,033 - kutuphane_api - INFO - kitaplari_getir:65 - {"event": "Kitaplar veritaban\u0131ndan al\u0131nd\u0131 ve cache'e kaydedildi", "logger": "kutuphane_api", "level": "info", "timestamp": "2025-10-24T13:09:18.033074Z"}
2025-10-24 16:09:22,118 - root - ERROR - get:45 - Cache get hatasý: Error 10061 connecting to localhost:6379. Hedef makine etkin olarak reddettiðinden baðlantý kurulamadý.
2025-10-24 16:09:22,119 - kutuphane_db - INFO - kitaplari_getir:61 - {"operation": "SELECT", "table": "kitaplar", "count": 2, "event": "Database Operation", "logger": "kutuphane_db", "level": "info", "timestamp": "2025-10-24T13:09:22.119571Z"}
2025-10-24 16:09:26,176 - root - ERROR - set:56 - Cache set hatasý: Error 10061 connecting to localhost:6379. Hedef makine etkin olarak reddettiðinden baðlantý kurulamadý.
2025-10-24 16:09:26,177 - kutuphane_api - INFO - kitaplari_getir:65 - {"event": "Kitaplar veritaban\u0131ndan al\u0131nd\u0131 ve cache'e kaydedildi", "logger": "kutuphane_api", "level": "info", "timestamp": "2025-10-24T13:09:26.177324Z"}
2025-10-24 16:09:30,261 - root - ERROR - get:45 - Cache get hatasý: Error 10061 connecting to localhost:6379. Hedef makine etkin olarak reddettiðinden baðlantý kurulamadý.
2025-10-24 16:09:30,263 - kutuphane_db - INFO - kitaplari_getir:61 - {"operation": "SELECT", "table": "kitaplar", "count": 2, "event": "Database Operation", "logger": "kutuphane_db", "level": "info", "timestamp": "2025-10-24T13:09:30.263146Z"}
2025-10-24 16:09:34,323 - root - ERROR - set:56 - Cache set hatasý: Error 10061 connecting to localhost:6379. Hedef makine etkin olarak reddettiðinden baðlantý kurulamadý.
2025-10-24 16:09:34,323 - kutuphane_api - INFO - kitaplari_getir:65 - {"event": "Kitaplar veritaban\u0131ndan al\u0131nd\u0131 ve cache'e kaydedildi", "logger": "kutuphane_api", "level": "info", "timestamp": "2025-10-24T13:09:34.323886Z"}
2025-10-24 16:09:38,412 - root - ERROR - get:45 - Cache get hatasý: Error 10061 connecting to localhost:6379. Hedef makine etkin olarak reddettiðinden baðlantý kurulamadý.
2025-10-24 16:09:38,414 - kutuphane_db - INFO - kitaplari_getir:61 - {"operation": "SELECT", "table": "kitaplar", "count": 2, "event": "Database Operation", "logger": "kutuphane_db", "level": "info", "timestamp": "2025-10-24T13:09:38.414322Z"}
2025-10-24 16:09:42,477 - root - ERROR - set:56 - Cache set hatasý: Error 10061 connecting to localhost:6379. Hedef makine etkin olarak reddettiðinden baðlantý kurulamadý.
2025-10-24 16:09:42,478 - kutuphane_api - INFO - kitaplari_getir:65 - {"event": "Kitaplar veritaban\u0131ndan al\u0131nd\u0131 ve cache'e kaydedildi", "logger": "kutuphane_api", "level": "info", "timestamp": "2025-10-24T13:09:42.478369Z"}
2025-10-24 16:09:50,534 - root - ERROR - get:45 - Cache get hatasý: Error 10061 connecting to localhost:6379. Hedef makine etkin olarak reddettiðinden baðlantý kurulamadý.
2025-10-24 16:09:50,536 - kutuphane_db - INFO - kitaplari_getir:61 - {"operation": "SELECT", "table": "kitaplar", "count": 2, "event": "Database Operation", "logger": "kutuphane_db", "level": "info", "timestamp": "2025-10-24T13:09:50.536004Z"}
2025-10-24 16:09:54,602 - root - ERROR - set:56 - Cache set hatasý: Error 10061 connecting to localhost:6379. Hedef makine etkin olarak reddettiðinden baðlantý kurulamadý.
2025-10-24 16:09:54,603 - kutuphane_api - INFO - kitaplari_getir:65 - {"event": "Kitaplar veritaban\u0131ndan al\u0131nd\u0131 ve cache'e kaydedildi", "logger": "kutuphane_api", "level": "info", "timestamp": "2025-10-24T13:09:54.603019Z"}
2025-10-24 16:10:02,616 - root - ERROR - get:45 - Cache get hatasý: Error 10061 connecting to localhost:6379. Hedef makine etkin olarak reddettiðinden baðlantý kurulamadý.
2025-10-24 16:10:02,618 - kutuphane_db - INFO - kitaplari_getir:61 - {"operation": "SELECT", "table": "kitaplar", "count": 2, "event": "Database Operation", "logger": "kutuphane_db", "level": "info", "timestamp": "2025-10-24T13:10:02.618277Z"}
2025-10-24 16:10:06,674 - root - ERROR - set:56 - Cache set hatasý: Error 10061 connecting to localhost:6379. Hedef makine etkin olarak reddettiðinden baðlantý kurulamadý.
2025-10-24 16:10:06,675 - kutuphane_api - INFO - kitaplari_getir:65 - {"event": "Kitaplar veritaban\u0131ndan al\u0131nd\u0131 ve cache'e kaydedildi", "logger": "kutuphane_api", "level": "info", "timestamp": "2025-10-24T13:10:06.675444Z"}
2025-10-24 16:10:10,774 - root - ERROR - get:45 - Cache get hatasý: Error 10061 connecting to localhost:6379. Hedef makine etkin olarak reddettiðinden baðlantý kurulamadý.
2025-10-24 16:10:10,776 - kutuphane_db - INFO - kitaplari_getir:61 - {"operation": "SELECT", "table": "kitaplar", "count": 2, "event": "Database Operation", "logger": "kutuphane_db", "level": "info", "timestamp": "2025-10-24T13:10:10.776165Z"}
2025-10-24 16:10:14,868 - root - ERROR - set:56 - Cache set hatasý: Error 10061 connecting to localhost:6379. Hedef makine etkin olarak reddettiðinden baðlantý kurulamadý.
2025-10-24 16:10:14,869 - kutuphane_api - INFO - kitaplari_getir:65 - {"event": "Kitaplar veritaban\u0131ndan al\u0131nd\u0131 ve cache'e kaydedildi", "logger": "kutuphane_api", "level": "info", "timestamp": "2025-10-24T13:10:14.869304Z"}
2025-10-24 16:10:18,966 - root - ERROR - get:45 - Cache get hatasý: Error 10061 connecting to localhost:6379. Hedef makine etkin olarak reddettiðinden baðlantý kurulamadý.
2025-10-24 16:10:18,967 - kutuphane_db - INFO - kitaplari_getir:61 - {"operation": "SELECT", "table": "kitaplar", "count": 2, "event": "Database Operation", "logger": "kutuphane_db", "level": "info", "timestamp": "2025-10-24T13:10:18.967755Z"}
2025-10-24 16:10:23,010 - root - ERROR - set:56 - Cache set hatasý: Error 10061 connecting to localhost:6379. Hedef makine etkin olarak reddettiðinden baðlantý kurulamadý.
2025-10-24 16:10:23,010 - kutuphane_api - INFO - kitaplari_getir:65 - {"event": "Kitaplar veritaban\u0131ndan al\u0131nd\u0131 ve cache'e kaydedildi", "logger": "kutuphane_api", "level": "info", "timestamp": "2025-10-24T13:10:23.010832Z"}
2025-10-24 16:10:27,056 - root - ERROR - get:45 - Cache get hatasý: Error 10061 connecting to localhost:6379. Hedef makine etkin olarak reddettiðinden baðlantý kurulamadý.
2025-10-24 16:10:27,058 - kutuphane_db - INFO - kitaplari_getir:61 - {"operation": "SELECT", "table": "kitaplar", "count": 2, "event": "Database Operation", "logger": "kutuphane_db", "level": "info", "timestamp": "2025-10-24T13:10:27.058686Z"}
2025-10-24 16:10:31,133 - root - ERROR - set:56 - Cache set hatasý: Error 10061 connecting to localhost:6379. Hedef makine etkin olarak reddettiðinden baðlantý kurulamadý.
2025-10-24 16:10:31,134 - kutuphane_api - INFO - kitaplari_getir:65 - {"event": "Kitaplar veritaban\u0131ndan al\u0131nd\u0131 ve cache'e kaydedildi", "logger": "kutuphane_api", "level": "info", "timestamp": "2025-10-24T13:10:31.134168Z"}
2025-10-24 16:10:35,261 - root - ERROR - get:45 - Cache get hatasý: Error 10061 connecting to localhost:6379. Hedef makine etkin olarak reddettiðinden baðlantý kurulamadý.
2025-10-24 16:10:35,263 - kutuphane_db - INFO - kitaplari_getir:61 - {"operation": "SELECT", "table": "kitaplar", "count": 2, "event": "Database Operation", "logger": "kutuphane_db", "level": "info", "timestamp": "2025-10-24T13:10:35.263357Z"}
2025-10-24 16:10:39,306 - root - ERROR - set:56 - Cache set hatasý: Error 10061 connecting to localhost:6379. Hedef makine etkin olarak reddettiðinden baðlantý kurulamadý.
2025-10-24 16:10:39,307 - kutuphane_api - INFO - kitaplari_getir:65 - {"event": "Kitaplar veritaban\u0131ndan al\u0131nd\u0131 ve cache'e kaydedildi", "logger": "kutuphane_api", "level": "info", "timestamp": "2025-10-24T13:10:39.307416Z"}
2025-10-24 16:11:35,888 - root - ERROR - get:45 - Cache get hatasý: Error 10061 connecting to localhost:6379. Hedef makine etkin olarak reddettiðinden baðlantý kurulamadý.
2025-10-24 16:11:35,890 - kutuphane_db - INFO - kitaplari_getir:61 - {"operation": "SELECT", "table": "kitaplar", "count": 2, "event": "Database Operation", "logger": "kutuphane_db", "level": "info", "timestamp": "2025-10-24T13:11:35.890131Z"}
2025-10-24 16:11:39,936 - root - ERROR - set:56 - Cache set hatasý: Error 10061 connecting to localhost:6379. Hedef makine etkin olarak reddettiðinden baðlantý kurulamadý.
2025-10-24 16:11:39,937 - kutuphane_api - INFO - kitaplari_getir:65 - {"event": "Kitaplar veritaban\u0131ndan al\u0131nd\u0131 ve cache'e kaydedildi", "logger": "kutuphane_api", "level": "info", "timestamp": "2025-10-24T13:11:39.937555Z"}
2025-10-24 16:11:44,019 - root - ERROR - get:45 - Cache get hatasý: Error 10061 connecting to localhost:6379. Hedef makine etkin olarak reddettiðinden baðlantý kurulamadý.
2025-10-24 16:11:44,021 - kutuphane_db - INFO - kitaplari_getir:61 - {"operation": "SELECT", "table": "kitaplar", "count": 2, "event": "Database Operation", "logger": "kutuphane_db", "level": "info", "timestamp": "2025-10-24T13:11:44.021287Z"}
2025-10-24 16:11:48,068 - root - ERROR - set:56 - Cache set hatasý: Error 10061 connecting to localhost:6379. Hedef makine etkin olarak reddettiðinden baðlantý kurulamadý.
2025-10-24 16:11:48,069 - kutuphane_api - INFO - kitaplari_getir:65 - {"event": "Kitaplar veritaban\u0131ndan al\u0131nd\u0131 ve cache'e kaydedildi", "logger": "kutuphane_api", "level": "info", "timestamp": "2025-10-24T13:11:48.069240Z"}
2025-10-24 16:12:21,569 - root - ERROR - get:45 - Cache get hatasý: Error 10061 connecting to localhost:6379. Hedef makine etkin olarak reddettiðinden baðlantý kurulamadý.
2025-10-24 16:12:21,571 - kutuphane_db - INFO - kitaplari_getir:61 - {"operation": "SELECT", "table": "kitaplar", "count": 2, "event": "Database Operation", "logger": "kutuphane_db", "level": "info", "timestamp": "2025-10-24T13:12:21.571519Z"}
2025-10-24 16:12:25,640 - root - ERROR - set:56 - Cache set hatasý: Error 10061 connecting to localhost:6379. Hedef makine etkin olarak reddettiðinden baðlantý kurulamadý.
2025-10-24 16:12:25,641 - kutuphane_api - INFO - kitaplari_getir:65 - {"event": "Kitaplar veritaban\u0131ndan al\u0131nd\u0131 ve cache'e kaydedildi", "logger": "kutuphane_api", "level": "info", "timestamp": "2025-10-24T13:12:25.641562Z"}
2025-10-24 16:13:17,017 - root - ERROR - get:45 - Cache get hatasý: Error 10061 connecting to localhost:6379. Hedef makine etkin olarak reddettiðinden baðlantý kurulamadý.
2025-10-24 16:13:17,019 - kutuphane_db - INFO - kitaplari_getir:61 - {"operation": "SELECT", "table": "kitaplar", "count": 2, "event": "Database Operation", "logger": "kutuphane_db", "level": "info", "timestamp": "2025-10-24T13:13:17.019424Z"}
2025-10-24 16:13:21,087 - root - ERROR - set:56 - Cache set hatasý: Error 10061 connecting to localhost:6379. Hedef makine etkin olarak reddettiðinden baðlantý kurulamadý.
2025-10-24 16:13:21,088 - kutuphane_api - INFO - kitaplari_getir:65 - {"event": "Kitaplar veritaban\u0131ndan al\u0131nd\u0131 ve cache'e kaydedildi", "logger": "kutuphane_api", "level": "info", "timestamp": "2025-10-24T13:13:21.088552Z"}
2025-10-24 16:14:19,767 - root - ERROR - delete_pattern:76 - Cache pattern delete hatasý: Error 10061 connecting to localhost:6379. Hedef makine etkin olarak reddettiðinden baðlantý kurulamadý.
2025-10-24 16:14:23,836 - root - ERROR - delete_pattern:76 - Cache pattern delete hatasý: Error 10061 connecting to localhost:6379. Hedef makine etkin olarak reddettiðinden baðlantý kurulamadý.
2025-10-24 16:14:23,837 - kutuphane_db - INFO - kitap_ekle:86 - {"operation": "INSERT", "table": "kitaplar", "kitap_id": 3, "event": "Database Operation", "logger": "kutuphane_db", "level": "info", "timestamp": "2025-10-24T13:14:23.837625Z"}
2025-10-24 16:14:23,838 - kutuphane_api - INFO - kitap_ekle:87 - {"kitap_id": 3, "baslik": "Algernon'a \u00c7i\u00e7ekler", "event": "Yeni kitap eklendi", "logger": "kutuphane_api", "level": "info", "timestamp": "2025-10-24T13:14:23.838184Z"}
2025-10-24 16:14:27,936 - root - ERROR - get:45 - Cache get hatasý: Error 10061 connecting to localhost:6379. Hedef makine etkin olarak reddettiðinden baðlantý kurulamadý.
2025-10-24 16:14:27,938 - kutuphane_db - INFO - kitaplari_getir:61 - {"operation": "SELECT", "table": "kitaplar", "count": 3, "event": "Database Operation", "logger": "kutuphane_db", "level": "info", "timestamp": "2025-10-24T13:14:27.938651Z"}
2025-10-24 16:14:32,017 - root - ERROR - set:56 - Cache set hatasý: Error 10061 connecting to localhost:6379. Hedef makine etkin olarak reddettiðinden baðlantý kurulamadý.
2025-10-24 16:14:32,018 - kutuphane_api - INFO - kitaplari_getir:65 - {"event": "Kitaplar veritaban\u0131ndan al\u0131nd\u0131 ve cache'e kaydedildi", "logger": "kutuphane_api", "level": "info", "timestamp": "2025-10-24T13:14:32.018687Z"}
2025-10-24 16:14:42,444 - root - ERROR - get:45 - Cache get hatasý: Error 10061 connecting to localhost:6379. Hedef makine etkin olarak reddettiðinden baðlantý kurulamadý.
2025-10-24 16:14:42,447 - kutuphane_db - INFO - kitaplari_getir:61 - {"operation": "SELECT", "table": "kitaplar", "count": 3, "event": "Database Operation", "logger": "kutuphane_db", "level": "info", "timestamp": "2025-10-24T13:14:42.447149Z"}
2025-10-24 16:14:46,541 - root - ERROR - set:56 - Cache set hatasý: Error 10061 connecting to localhost:6379. Hedef makine etkin olarak reddettiðinden baðlantý kurulamadý.
2025-10-24 16:14:46,542 - kutuphane_api - INFO - kitaplari_getir:65 - {"event": "Kitaplar veritaban\u0131ndan al\u0131nd\u0131 ve cache'e kaydedildi", "logger": "kutuphane_api", "level": "info", "timestamp": "2025-10-24T13:14:46.542378Z"}
2025-10-24 16:14:57,648 - root - ERROR - get:45 - Cache get hatasý: Error 10061 connecting to localhost:6379. Hedef makine etkin olarak reddettiðinden baðlantý kurulamadý.
2025-10-24 16:14:57,650 - kutuphane_db - INFO - kitaplari_getir:61 - {"operation": "SELECT", "table": "kitaplar", "count": 3, "event": "Database Operation", "logger": "kutuphane_db", "level": "info", "timestamp": "2025-10-24T13:14:57.649996Z"}
2025-10-24 16:15:01,752 - root - ERROR - set:56 - Cache set hatasý: Error 10061 connecting to localhost:6379. Hedef makine etkin olarak reddettiðinden baðlantý kurulamadý.
2025-10-24 16:15:01,753 - kutuphane_api - INFO - kitaplari_getir:65 - {"event": "Kitaplar veritaban\u0131ndan al\u0131nd\u0131 ve cache'e kaydedildi", "logger": "kutuphane_api", "level": "info", "timestamp": "2025-10-24T13:15:01.753475Z"}
2025-10-24 16:15:05,820 - root - ERROR - get:45 - Cache get hatasý: Error 10061 connecting to localhost:6379. Hedef makine etkin olarak reddettiðinden baðlantý kurulamadý.
2025-10-24 16:15:05,822 - kutuphane_db - INFO - kitaplari_getir:61 - {"operation": "SELECT", "table": "kitaplar", "count": 3, "event": "Database Operation", "logger": "kutuphane_db", "level": "info", "timestamp": "2025-10-24T13:15:05.822464Z"}
2025-10-24 16:15:09,899 - root - ERROR - set:56 - Cache set hatasý: Error 10061 connecting to localhost:6379. Hedef makine etkin olarak reddettiðinden baðlantý kurulamadý.
2025-10-24 16:15:09,900 - kutuphane_api - INFO - kitaplari_getir:65 - {"event": "Kitaplar veritaban\u0131ndan al\u0131nd\u0131 ve cache'e kaydedildi", "logger": "kutuphane_api", "level": "info", "timestamp": "2025-10-24T13:15:09.900310Z"}
2025-10-24 16:15:13,961 - root - ERROR - get:45 - Cache get hatasý: Error 10061 connecting to localhost:6379. Hedef makine etkin olarak reddettiðinden baðlantý kurulamadý.
2025-10-24 16:15:13,963 - kutuphane_db - INFO - kitaplari_getir:61 - {"operation": "SELECT", "table": "kitaplar", "count": 3, "event": "Database Operation", "logger": "kutuphane_db", "level": "info", "timestamp": "2025-10-24T13:15:13.963306Z"}
2025-10-24 16:15:18,020 - root - ERROR - set:56 - Cache set hatasý: Error 10061 connecting to localhost:6379. Hedef makine etkin olarak reddettiðinden baðlantý kurulamadý.
2025-10-24 16:15:18,021 - kutuphane_api - INFO - kitaplari_getir:65 - {"event": "Kitaplar veritaban\u0131ndan al\u0131nd\u0131 ve cache'e kaydedildi", "logger": "kutuphane_api", "level": "info", "timestamp": "2025-10-24T13:15:18.021562Z"}
2025-10-24 16:15:22,067 - root - ERROR - get:45 - Cache get hatasý: Error 10061 connecting to localhost:6379. Hedef makine etkin olarak reddettiðinden baðlantý kurulamadý.
2025-10-24 16:15:22,068 - kutuphane_db - INFO - kitaplari_getir:61 - {"operation": "SELECT", "table": "kitaplar", "count": 3, "event": "Database Operation", "logger": "kutuphane_db", "level": "info", "timestamp": "2025-10-24T13:15:22.068734Z"}
2025-10-24 16:15:26,144 - root - ERROR - set:56 - Cache set hatasý: Error 10061 connecting to localhost:6379. Hedef makine etkin olarak reddettiðinden baðlantý kurulamadý.
2025-10-24 16:15:26,144 - kutuphane_api - INFO - kitaplari_getir:65 - {"event": "Kitaplar veritaban\u0131ndan al\u0131nd\u0131 ve cache'e kaydedildi", "logger": "kutuphane_api", "level": "info", "timestamp": "2025-10-24T13:15:26.144684Z"}
2025-10-24 16:17:02,231 - root - ERROR - get:45 - Cache get hatasý: Error 10061 connecting to localhost:6379. Hedef makine etkin olarak reddettiðinden baðlantý kurulamadý.
2025-10-24 16:17:02,233 - kutuphane_db - INFO - kitaplari_getir:61 - {"operation": "SELECT", "table": "kitaplar", "count": 3, "event": "Database Operation", "logger": "kutuphane_db", "level": "info", "timestamp": "2025-10-24T13:17:02.233045Z"}
2025-10-24 16:17:06,316 - root - ERROR - set:56 - Cache set hatasý: Error 10061 connecting to localhost:6379. Hedef makine etkin olarak reddettiðinden baðlantý kurulamadý.
2025-10-24 16:17:06,317 - kutuphane_api - INFO - kitaplari_getir:65 - {"event": "Kitaplar veritaban\u0131ndan al\u0131nd\u0131 ve cache'e kaydedildi", "logger": "kutuphane_api", "level": "info", "timestamp": "2025-10-24T13:17:06.317291Z"}
2025-10-24 16:17:55,813 - root - ERROR - get:45 - Cache get hatasý: Error 10061 connecting to localhost:6379. Hedef makine etkin olarak reddettiðinden baðlantý kurulamadý.
2025-10-24 16:17:55,816 - kutuphane_db - INFO - kitaplari_getir:61 - {"operation": "SELECT", "table": "kitaplar", "count": 3, "event": "Database Operation", "logger": "kutuphane_db", "level": "info", "timestamp": "2025-10-24T13:17:55.816001Z"}
2025-10-24 16:17:59,896 - root - ERROR - set:56 - Cache set hatasý: Error 10061 connecting to localhost:6379. Hedef makine etkin olarak reddettiðinden baðlantý kurulamadý.
2025-10-24 16:17:59,897 - kutuphane_api - INFO - kitaplari_getir:65 - {"event": "Kitaplar veritaban\u0131ndan al\u0131nd\u0131 ve cache'e kaydedildi", "logger": "kutuphane_api", "level": "info", "timestamp": "2025-10-24T13:17:59.897718Z"}
2025-10-24 16:18:14,082 - root - ERROR - get:45 - Cache get hatasý: Error 10061 connecting to localhost:6379. Hedef makine etkin olarak reddettiðinden baðlantý kurulamadý.
2025-10-24 16:18:14,083 - kutuphane_db - INFO - kitaplari_getir:61 - {"operation": "SELECT", "table": "kitaplar", "count": 3, "event": "Database Operation", "logger": "kutuphane_db", "level": "info", "timestamp": "2025-10-24T13:18:14.083858Z"}
2025-10-24 16:18:18,127 - root - ERROR - set:56 - Cache set hatasý: Error 10061 connecting to localhost:6379. Hedef makine etkin olarak reddettiðinden baðlantý kurulamadý.
2025-10-24 16:18:18,128 - kutuphane_api - INFO - kitaplari_getir:65 - {"event": "Kitaplar veritaban\u0131ndan al\u0131nd\u0131 ve cache'e kaydedildi", "logger": "kutuphane_api", "level": "info", "timestamp": "2025-10-24T13:18:18.128144Z"}
2025-10-24 16:19:37,195 - kutuphane_app - INFO - <module>:42 - {"event": "K\u00fct\u00fcphane Y\u00f6netim Sistemi ba\u015flat\u0131ld\u0131", "logger": "kutuphane_app", "level": "info", "timestamp": "2025-10-24T13:19:37.195578Z"}
